[08-Apr-2021 03:08:39 UTC] PHP Warning:  Division by zero in C:\Users\jgao3\Local Sites\aad-lgbtqsgm-expert-resource-group\app\public\wp-admin\includes\class-custom-image-header.php on line 1194
[08-Apr-2021 03:08:39 UTC] PHP Stack trace:
[08-Apr-2021 03:08:39 UTC] PHP   1. {main}() C:\Users\jgao3\Local Sites\aad-lgbtqsgm-expert-resource-group\app\public\wp-admin\admin-ajax.php:0
[08-Apr-2021 03:08:39 UTC] PHP   2. do_action() C:\Users\jgao3\Local Sites\aad-lgbtqsgm-expert-resource-group\app\public\wp-admin\admin-ajax.php:187
[08-Apr-2021 03:08:39 UTC] PHP   3. WP_Hook->do_action() C:\Users\jgao3\Local Sites\aad-lgbtqsgm-expert-resource-group\app\public\wp-includes\plugin.php:484
[08-Apr-2021 03:08:39 UTC] PHP   4. WP_Hook->apply_filters() C:\Users\jgao3\Local Sites\aad-lgbtqsgm-expert-resource-group\app\public\wp-includes\class-wp-hook.php:316
[08-Apr-2021 03:08:39 UTC] PHP   5. Custom_Image_Header->ajax_header_crop() C:\Users\jgao3\Local Sites\aad-lgbtqsgm-expert-resource-group\app\public\wp-includes\class-wp-hook.php:292
[08-Apr-2021 03:08:39 UTC] PHP   6. Custom_Image_Header->get_header_dimensions() C:\Users\jgao3\Local Sites\aad-lgbtqsgm-expert-resource-group\app\public\wp-admin\includes\class-custom-image-header.php:1300
[08-Apr-2021 03:08:51 UTC] PHP Warning:  Division by zero in C:\Users\jgao3\Local Sites\aad-lgbtqsgm-expert-resource-group\app\public\wp-admin\includes\class-custom-image-header.php on line 1194
[08-Apr-2021 03:08:51 UTC] PHP Stack trace:
[08-Apr-2021 03:08:51 UTC] PHP   1. {main}() C:\Users\jgao3\Local Sites\aad-lgbtqsgm-expert-resource-group\app\public\wp-admin\admin-ajax.php:0
[08-Apr-2021 03:08:51 UTC] PHP   2. do_action() C:\Users\jgao3\Local Sites\aad-lgbtqsgm-expert-resource-group\app\public\wp-admin\admin-ajax.php:187
[08-Apr-2021 03:08:51 UTC] PHP   3. WP_Hook->do_action() C:\Users\jgao3\Local Sites\aad-lgbtqsgm-expert-resource-group\app\public\wp-includes\plugin.php:484
[08-Apr-2021 03:08:51 UTC] PHP   4. WP_Hook->apply_filters() C:\Users\jgao3\Local Sites\aad-lgbtqsgm-expert-resource-group\app\public\wp-includes\class-wp-hook.php:316
[08-Apr-2021 03:08:51 UTC] PHP   5. Custom_Image_Header->ajax_header_crop() C:\Users\jgao3\Local Sites\aad-lgbtqsgm-expert-resource-group\app\public\wp-includes\class-wp-hook.php:292
[08-Apr-2021 03:08:51 UTC] PHP   6. Custom_Image_Header->get_header_dimensions() C:\Users\jgao3\Local Sites\aad-lgbtqsgm-expert-resource-group\app\public\wp-admin\includes\class-custom-image-header.php:1300
[08-Apr-2021 03:08:58 UTC] PHP Warning:  Division by zero in C:\Users\jgao3\Local Sites\aad-lgbtqsgm-expert-resource-group\app\public\wp-admin\includes\class-custom-image-header.php on line 1194
[08-Apr-2021 03:08:58 UTC] PHP Stack trace:
[08-Apr-2021 03:08:58 UTC] PHP   1. {main}() C:\Users\jgao3\Local Sites\aad-lgbtqsgm-expert-resource-group\app\public\wp-admin\admin-ajax.php:0
[08-Apr-2021 03:08:58 UTC] PHP   2. do_action() C:\Users\jgao3\Local Sites\aad-lgbtqsgm-expert-resource-group\app\public\wp-admin\admin-ajax.php:187
[08-Apr-2021 03:08:58 UTC] PHP   3. WP_Hook->do_action() C:\Users\jgao3\Local Sites\aad-lgbtqsgm-expert-resource-group\app\public\wp-includes\plugin.php:484
[08-Apr-2021 03:08:58 UTC] PHP   4. WP_Hook->apply_filters() C:\Users\jgao3\Local Sites\aad-lgbtqsgm-expert-resource-group\app\public\wp-includes\class-wp-hook.php:316
[08-Apr-2021 03:08:58 UTC] PHP   5. Custom_Image_Header->ajax_header_crop() C:\Users\jgao3\Local Sites\aad-lgbtqsgm-expert-resource-group\app\public\wp-includes\class-wp-hook.php:292
[08-Apr-2021 03:08:58 UTC] PHP   6. Custom_Image_Header->get_header_dimensions() C:\Users\jgao3\Local Sites\aad-lgbtqsgm-expert-resource-group\app\public\wp-admin\includes\class-custom-image-header.php:1300
[08-Apr-2021 03:09:12 UTC] PHP Warning:  Division by zero in C:\Users\jgao3\Local Sites\aad-lgbtqsgm-expert-resource-group\app\public\wp-admin\includes\class-custom-image-header.php on line 1194
[08-Apr-2021 03:09:12 UTC] PHP Stack trace:
[08-Apr-2021 03:09:12 UTC] PHP   1. {main}() C:\Users\jgao3\Local Sites\aad-lgbtqsgm-expert-resource-group\app\public\wp-admin\admin-ajax.php:0
[08-Apr-2021 03:09:12 UTC] PHP   2. do_action() C:\Users\jgao3\Local Sites\aad-lgbtqsgm-expert-resource-group\app\public\wp-admin\admin-ajax.php:187
[08-Apr-2021 03:09:12 UTC] PHP   3. WP_Hook->do_action() C:\Users\jgao3\Local Sites\aad-lgbtqsgm-expert-resource-group\app\public\wp-includes\plugin.php:484
[08-Apr-2021 03:09:12 UTC] PHP   4. WP_Hook->apply_filters() C:\Users\jgao3\Local Sites\aad-lgbtqsgm-expert-resource-group\app\public\wp-includes\class-wp-hook.php:316
[08-Apr-2021 03:09:12 UTC] PHP   5. Custom_Image_Header->ajax_header_crop() C:\Users\jgao3\Local Sites\aad-lgbtqsgm-expert-resource-group\app\public\wp-includes\class-wp-hook.php:292
[08-Apr-2021 03:09:12 UTC] PHP   6. Custom_Image_Header->get_header_dimensions() C:\Users\jgao3\Local Sites\aad-lgbtqsgm-expert-resource-group\app\public\wp-admin\includes\class-custom-image-header.php:1300
[08-Apr-2021 03:21:09 UTC] PHP Warning:  Division by zero in C:\Users\jgao3\Local Sites\aad-lgbtqsgm-expert-resource-group\app\public\wp-admin\includes\class-custom-image-header.php on line 1194
[08-Apr-2021 03:21:09 UTC] PHP Stack trace:
[08-Apr-2021 03:21:09 UTC] PHP   1. {main}() C:\Users\jgao3\Local Sites\aad-lgbtqsgm-expert-resource-group\app\public\wp-admin\admin-ajax.php:0
[08-Apr-2021 03:21:09 UTC] PHP   2. do_action() C:\Users\jgao3\Local Sites\aad-lgbtqsgm-expert-resource-group\app\public\wp-admin\admin-ajax.php:187
[08-Apr-2021 03:21:09 UTC] PHP   3. WP_Hook->do_action() C:\Users\jgao3\Local Sites\aad-lgbtqsgm-expert-resource-group\app\public\wp-includes\plugin.php:484
[08-Apr-2021 03:21:09 UTC] PHP   4. WP_Hook->apply_filters() C:\Users\jgao3\Local Sites\aad-lgbtqsgm-expert-resource-group\app\public\wp-includes\class-wp-hook.php:316
[08-Apr-2021 03:21:09 UTC] PHP   5. Custom_Image_Header->ajax_header_crop() C:\Users\jgao3\Local Sites\aad-lgbtqsgm-expert-resource-group\app\public\wp-includes\class-wp-hook.php:292
[08-Apr-2021 03:21:09 UTC] PHP   6. Custom_Image_Header->get_header_dimensions() C:\Users\jgao3\Local Sites\aad-lgbtqsgm-expert-resource-group\app\public\wp-admin\includes\class-custom-image-header.php:1300
[08-Apr-2021 15:40:35 UTC] PHP Warning:  Division by zero in C:\Users\jgao3\Local Sites\aad-lgbtqsgm-expert-resource-group\app\public\wp-admin\includes\class-custom-image-header.php on line 1194
[08-Apr-2021 15:40:35 UTC] PHP Stack trace:
[08-Apr-2021 15:40:35 UTC] PHP   1. {main}() C:\Users\jgao3\Local Sites\aad-lgbtqsgm-expert-resource-group\app\public\wp-admin\admin-ajax.php:0
[08-Apr-2021 15:40:35 UTC] PHP   2. do_action() C:\Users\jgao3\Local Sites\aad-lgbtqsgm-expert-resource-group\app\public\wp-admin\admin-ajax.php:187
[08-Apr-2021 15:40:35 UTC] PHP   3. WP_Hook->do_action() C:\Users\jgao3\Local Sites\aad-lgbtqsgm-expert-resource-group\app\public\wp-includes\plugin.php:484
[08-Apr-2021 15:40:35 UTC] PHP   4. WP_Hook->apply_filters() C:\Users\jgao3\Local Sites\aad-lgbtqsgm-expert-resource-group\app\public\wp-includes\class-wp-hook.php:316
[08-Apr-2021 15:40:35 UTC] PHP   5. Custom_Image_Header->ajax_header_crop() C:\Users\jgao3\Local Sites\aad-lgbtqsgm-expert-resource-group\app\public\wp-includes\class-wp-hook.php:292
[08-Apr-2021 15:40:35 UTC] PHP   6. Custom_Image_Header->get_header_dimensions() C:\Users\jgao3\Local Sites\aad-lgbtqsgm-expert-resource-group\app\public\wp-admin\includes\class-custom-image-header.php:1300
[09-Apr-2021 18:48:55 UTC] PHP Warning:  Division by zero in C:\Users\jgao3\Local Sites\aad-lgbtqsgm-expert-resource-group\app\public\wp-admin\includes\class-custom-image-header.php on line 1194
[09-Apr-2021 18:48:55 UTC] PHP Stack trace:
[09-Apr-2021 18:48:55 UTC] PHP   1. {main}() C:\Users\jgao3\Local Sites\aad-lgbtqsgm-expert-resource-group\app\public\wp-admin\admin-ajax.php:0
[09-Apr-2021 18:48:55 UTC] PHP   2. do_action() C:\Users\jgao3\Local Sites\aad-lgbtqsgm-expert-resource-group\app\public\wp-admin\admin-ajax.php:187
[09-Apr-2021 18:48:55 UTC] PHP   3. WP_Hook->do_action() C:\Users\jgao3\Local Sites\aad-lgbtqsgm-expert-resource-group\app\public\wp-includes\plugin.php:484
[09-Apr-2021 18:48:55 UTC] PHP   4. WP_Hook->apply_filters() C:\Users\jgao3\Local Sites\aad-lgbtqsgm-expert-resource-group\app\public\wp-includes\class-wp-hook.php:316
[09-Apr-2021 18:48:55 UTC] PHP   5. Custom_Image_Header->ajax_header_crop() C:\Users\jgao3\Local Sites\aad-lgbtqsgm-expert-resource-group\app\public\wp-includes\class-wp-hook.php:292
[09-Apr-2021 18:48:55 UTC] PHP   6. Custom_Image_Header->get_header_dimensions() C:\Users\jgao3\Local Sites\aad-lgbtqsgm-expert-resource-group\app\public\wp-admin\includes\class-custom-image-header.php:1300
[09-Apr-2021 18:48:59 UTC] PHP Warning:  Division by zero in C:\Users\jgao3\Local Sites\aad-lgbtqsgm-expert-resource-group\app\public\wp-admin\includes\class-custom-image-header.php on line 1194
[09-Apr-2021 18:48:59 UTC] PHP Stack trace:
[09-Apr-2021 18:48:59 UTC] PHP   1. {main}() C:\Users\jgao3\Local Sites\aad-lgbtqsgm-expert-resource-group\app\public\wp-admin\admin-ajax.php:0
[09-Apr-2021 18:48:59 UTC] PHP   2. do_action() C:\Users\jgao3\Local Sites\aad-lgbtqsgm-expert-resource-group\app\public\wp-admin\admin-ajax.php:187
[09-Apr-2021 18:48:59 UTC] PHP   3. WP_Hook->do_action() C:\Users\jgao3\Local Sites\aad-lgbtqsgm-expert-resource-group\app\public\wp-includes\plugin.php:484
[09-Apr-2021 18:48:59 UTC] PHP   4. WP_Hook->apply_filters() C:\Users\jgao3\Local Sites\aad-lgbtqsgm-expert-resource-group\app\public\wp-includes\class-wp-hook.php:316
[09-Apr-2021 18:48:59 UTC] PHP   5. Custom_Image_Header->ajax_header_crop() C:\Users\jgao3\Local Sites\aad-lgbtqsgm-expert-resource-group\app\public\wp-includes\class-wp-hook.php:292
[09-Apr-2021 18:48:59 UTC] PHP   6. Custom_Image_Header->get_header_dimensions() C:\Users\jgao3\Local Sites\aad-lgbtqsgm-expert-resource-group\app\public\wp-admin\includes\class-custom-image-header.php:1300
